0 info it worked if it ends with ok
1 verbose cli [ 'node',
1 verbose cli   '/home/nekran/.nvm/versions/node/v0.12.0/bin/npm',
1 verbose cli   'test',
1 verbose cli   'beginningNode/chapter12/mocha.js' ]
2 info using npm@2.7.0
3 info using node@v0.12.0
4 verbose config Skipping project config: /home/nekran/.npmrc. (matches userconfig)
5 verbose stack Error: ENOENT, open '/home/nekran/package.json'
5 verbose stack     at Error (native)
6 verbose cwd /home/nekran/developpement/nodeJS/exercice
7 error Linux 3.19.0-21-generic
8 error argv "node" "/home/nekran/.nvm/versions/node/v0.12.0/bin/npm" "test" "beginningNode/chapter12/mocha.js"
9 error node v0.12.0
10 error npm  v2.7.0
11 error path /home/nekran/package.json
12 error code ENOENT
13 error errno -2
14 error enoent ENOENT, open '/home/nekran/package.json'
14 error enoent This is most likely not a problem with npm itself
14 error enoent and is related to npm not being able to find a file.
15 verbose exit [ -2, true ]
